<?xml version="1.0" encoding="UTF-8"?>
<testng-results skipped="0" failed="0" total="1" passed="1">
  <reporter-output>
  </reporter-output>
  <suite name="Suite" duration-ms="20288" started-at="2013-06-15T17:20:06Z" finished-at="2013-06-15T17:20:26Z">
    <groups>
    </groups>
    <test name="Test" duration-ms="20288" started-at="2013-06-15T17:20:06Z" finished-at="2013-06-15T17:20:26Z">
      <class name="rzhdpack.OpenRzd">
        <test-method status="PASS" signature="openRzdRuAndVerifyItIsOpened()[pri:0, instance:rzhdpack.OpenRzd@b82368]" name="openRzdRuAndVerifyItIsOpened" duration-ms="20264" started-at="2013-06-15T20:20:06Z" finished-at="2013-06-15T20:20:26Z">
          <reporter-output>
          </reporter-output>
        </test-method> <!-- openRzdRuAndVerifyItIsOpened -->
      </class> <!-- rzhdpack.OpenRzd -->
    </test> <!-- Test -->
  </suite> <!-- Suite -->
</testng-results>
