<?xml version="1.0" encoding="UTF-8"?>
<testng-results skipped="0" failed="0" total="1" passed="1">
  <reporter-output>
  </reporter-output>
  <suite name="Default suite" duration-ms="34683" started-at="2013-06-16T09:20:26Z" finished-at="2013-06-16T09:21:01Z">
    <groups>
    </groups>
    <test name="Default test" duration-ms="34683" started-at="2013-06-16T09:20:26Z" finished-at="2013-06-16T09:21:01Z">
      <class name="rzhdpack.OpenRzd">
        <test-method status="PASS" signature="openRzdRuAndVerifyItIsOpened()[pri:0, instance:rzhdpack.OpenRzd@1cd23ae]" name="openRzdRuAndVerifyItIsOpened" duration-ms="34575" started-at="2013-06-16T12:20:26Z" finished-at="2013-06-16T12:21:00Z">
          <reporter-output>
          </reporter-output>
        </test-method> <!-- openRzdRuAndVerifyItIsOpened -->
        <test-method status="PASS" signature="closeBrowser()[pri:0, instance:rzhdpack.OpenRzd@1cd23ae]" name="closeBrowser" is-config="true" duration-ms="59" started-at="2013-06-16T12:21:00Z" finished-at="2013-06-16T12:21:01Z">
          <reporter-output>
          </reporter-output>
        </test-method> <!-- closeBrowser -->
      </class> <!-- rzhdpack.OpenRzd -->
    </test> <!-- Default test -->
  </suite> <!-- Default suite -->
</testng-results>